mode: set
GobotProject/camera_viewer.go:22.57,29.2 1 1
GobotProject/camera_viewer.go:32.33,41.60 5 1
GobotProject/camera_viewer.go:41.60,42.41 1 0
GobotProject/camera_viewer.go:42.41,44.4 1 0
GobotProject/camera_viewer.go:47.2,47.86 1 0
GobotProject/camera_viewer.go:51.32,54.20 2 0
GobotProject/camera_viewer.go:54.20,56.3 1 0
GobotProject/camera_viewer.go:58.2,58.47 1 0
GobotProject/camera_viewer.go:62.56,63.19 1 1
GobotProject/camera_viewer.go:63.19,65.3 1 1
GobotProject/camera_viewer.go:67.2,70.28 2 0
GobotProject/camera_viewer.go:70.28,72.3 1 0
GobotProject/camera_viewer.go:75.2,75.44 1 0
GobotProject/camera_viewer.go:75.44,77.3 1 0
GobotProject/camera_viewer.go:81.42,82.20 1 1
GobotProject/camera_viewer.go:82.20,84.3 1 1
GobotProject/camera_viewer.go:87.2,91.16 3 1
GobotProject/camera_viewer.go:91.16,94.3 2 0
GobotProject/camera_viewer.go:96.2,98.44 3 1
GobotProject/camera_viewer.go:102.41,103.21 1 1
GobotProject/camera_viewer.go:103.21,105.3 1 1
GobotProject/camera_viewer.go:107.2,107.26 1 1
GobotProject/camera_viewer.go:107.26,110.3 2 1
GobotProject/camera_viewer.go:112.2,113.29 2 1
GobotProject/camera_viewer.go:117.43,118.20 1 1
GobotProject/camera_viewer.go:118.20,120.3 1 1
GobotProject/camera_viewer.go:120.8,122.3 1 1
GobotProject/camera_viewer.go:126.44,128.2 1 1
GobotProject/camera_viewer.go:131.42,133.2 1 1
GobotProject/drone_controller.go:16.44,23.2 2 1
GobotProject/drone_controller.go:26.54,28.2 1 1
GobotProject/drone_controller.go:31.44,32.17 1 0
GobotProject/drone_controller.go:32.17,34.3 1 0
GobotProject/drone_controller.go:34.8,36.3 1 0
GobotProject/drone_controller.go:40.38,44.2 3 1
GobotProject/drone_controller.go:47.35,51.2 3 0
GobotProject/drone_controller.go:54.42,55.17 1 1
GobotProject/drone_controller.go:55.17,58.3 2 0
GobotProject/drone_controller.go:62.43,63.17 1 1
GobotProject/drone_controller.go:63.17,66.3 2 0
GobotProject/drone_controller.go:70.39,71.17 1 1
GobotProject/drone_controller.go:71.17,74.3 2 0
GobotProject/drone_controller.go:78.40,79.17 1 1
GobotProject/drone_controller.go:79.17,82.3 2 0
GobotProject/drone_controller.go:86.37,87.17 1 1
GobotProject/drone_controller.go:87.17,90.3 2 0
GobotProject/drone_controller.go:94.39,95.17 1 1
GobotProject/drone_controller.go:95.17,98.3 2 0
GobotProject/drone_controller.go:102.46,103.20 1 0
GobotProject/drone_controller.go:103.20,105.3 1 0
GobotProject/drone_controller.go:105.8,107.3 1 0
GobotProject/drone_controller.go:111.45,115.2 3 1
GobotProject/drone_controller.go:118.44,122.2 2 0
GobotProject/drone_controller.go:125.44,127.2 1 1
GobotProject/drone_controller.go:130.47,132.2 1 1
GobotProject/keyboard_handler.go:22.104,27.28 1 1
GobotProject/keyboard_handler.go:27.28,27.42 1 0
GobotProject/keyboard_handler.go:32.65,33.21 1 1
GobotProject/keyboard_handler.go:33.21,35.3 1 1
GobotProject/keyboard_handler.go:39.42,41.16 2 1
GobotProject/keyboard_handler.go:41.16,43.3 1 0
GobotProject/keyboard_handler.go:45.2,59.12 11 1
GobotProject/keyboard_handler.go:63.50,67.12 3 1
GobotProject/keyboard_handler.go:67.12,71.3 3 1
GobotProject/keyboard_handler.go:75.35,78.2 2 1
GobotProject/keyboard_handler.go:81.45,82.19 1 1
GobotProject/keyboard_handler.go:82.19,83.45 1 1
GobotProject/keyboard_handler.go:84.25,85.21 1 0
GobotProject/keyboard_handler.go:86.27,91.10 4 0
GobotProject/keyboard_handler.go:97.57,98.16 1 0
GobotProject/keyboard_handler.go:99.22,101.37 1 0
GobotProject/keyboard_handler.go:103.24,105.30 1 0
GobotProject/keyboard_handler.go:107.24,110.24 2 0
GobotProject/keyboard_handler.go:114.2,114.15 1 0
GobotProject/keyboard_handler.go:115.16,117.35 1 0
GobotProject/keyboard_handler.go:119.16,121.36 1 0
GobotProject/keyboard_handler.go:123.16,125.32 1 0
GobotProject/keyboard_handler.go:127.16,129.33 1 0
GobotProject/keyboard_handler.go:131.16,133.29 1 0
GobotProject/keyboard_handler.go:133.29,135.4 1 0
GobotProject/keyboard_handler.go:137.16,140.24 2 0
GobotProject/keyboard_handler.go:142.16,144.32 1 0
GobotProject/keyboard_handler.go:149.47,156.31 3 0
GobotProject/keyboard_handler.go:156.31,159.3 2 0
GobotProject/keyboard_handler.go:162.2,162.28 1 0
GobotProject/keyboard_handler.go:162.28,165.3 2 0
GobotProject/keyboard_handler.go:168.2,168.32 1 0
GobotProject/keyboard_handler.go:168.32,170.3 1 0
GobotProject/keyboard_handler.go:174.45,176.2 1 1
GobotProject/main.go:11.91,19.6 5 0
GobotProject/main.go:19.6,20.10 1 0
GobotProject/main.go:21.19,23.44 1 0
GobotProject/main.go:23.44,26.5 2 0
GobotProject/main.go:27.34,28.66 1 0
GobotProject/main.go:33.13,44.17 4 0
GobotProject/main.go:44.17,50.17 3 0
GobotProject/main.go:50.17,53.4 2 0
GobotProject/main.go:56.3,60.17 3 0
GobotProject/main.go:60.17,63.4 2 0
GobotProject/main.go:67.2,75.16 3 0
GobotProject/main.go:75.16,77.3 1 0
