mode: set
GobotProject/camera_viewer.go:22.57,29.2 1 1
GobotProject/camera_viewer.go:32.33,41.60 5 0
GobotProject/camera_viewer.go:41.60,42.41 1 0
GobotProject/camera_viewer.go:42.41,44.4 1 0
GobotProject/camera_viewer.go:47.2,47.86 1 0
GobotProject/camera_viewer.go:51.32,54.20 2 0
GobotProject/camera_viewer.go:54.20,56.3 1 0
GobotProject/camera_viewer.go:58.2,58.47 1 0
GobotProject/camera_viewer.go:62.56,63.19 1 1
GobotProject/camera_viewer.go:63.19,65.3 1 1
GobotProject/camera_viewer.go:67.2,70.28 2 0
GobotProject/camera_viewer.go:70.28,72.3 1 0
GobotProject/camera_viewer.go:75.2,75.44 1 0
GobotProject/camera_viewer.go:75.44,77.3 1 0
GobotProject/camera_viewer.go:81.42,82.20 1 1
GobotProject/camera_viewer.go:82.20,84.3 1 1
GobotProject/camera_viewer.go:87.2,91.16 3 1
GobotProject/camera_viewer.go:91.16,94.3 2 0
GobotProject/camera_viewer.go:96.2,98.44 3 1
GobotProject/camera_viewer.go:102.41,103.21 1 1
GobotProject/camera_viewer.go:103.21,105.3 1 1
GobotProject/camera_viewer.go:107.2,107.26 1 1
GobotProject/camera_viewer.go:107.26,110.3 2 1
GobotProject/camera_viewer.go:112.2,113.29 2 1
GobotProject/camera_viewer.go:117.43,118.20 1 1
GobotProject/camera_viewer.go:118.20,120.3 1 1
GobotProject/camera_viewer.go:120.8,122.3 1 1
GobotProject/camera_viewer.go:126.44,128.2 1 1
GobotProject/camera_viewer.go:131.42,133.2 1 1
GobotProject/drone_controller.go:16.44,23.2 2 1
GobotProject/drone_controller.go:26.54,28.2 1 1
GobotProject/drone_controller.go:31.44,32.17 1 0
GobotProject/drone_controller.go:32.17,34.3 1 0
GobotProject/drone_controller.go:34.8,36.3 1 0
GobotProject/drone_controller.go:40.38,44.2 3 0
GobotProject/drone_controller.go:47.35,51.2 3 0
GobotProject/drone_controller.go:54.42,55.17 1 1
GobotProject/drone_controller.go:55.17,58.3 2 0
GobotProject/drone_controller.go:62.43,63.17 1 1
GobotProject/drone_controller.go:63.17,66.3 2 0
GobotProject/drone_controller.go:70.39,71.17 1 1
GobotProject/drone_controller.go:71.17,74.3 2 0
GobotProject/drone_controller.go:78.40,79.17 1 1
GobotProject/drone_controller.go:79.17,82.3 2 0
GobotProject/drone_controller.go:86.37,87.17 1 1
GobotProject/drone_controller.go:87.17,90.3 2 0
GobotProject/drone_controller.go:94.39,95.17 1 1
GobotProject/drone_controller.go:95.17,98.3 2 0
GobotProject/drone_controller.go:102.46,103.20 1 0
GobotProject/drone_controller.go:103.20,105.3 1 0
GobotProject/drone_controller.go:105.8,107.3 1 0
GobotProject/drone_controller.go:111.45,115.2 3 0
GobotProject/drone_controller.go:118.44,122.2 2 0
GobotProject/drone_controller.go:125.44,127.2 1 1
GobotProject/drone_controller.go:130.47,132.2 1 1
GobotProject/keyboard_handler.go:18.104,24.2 1 1
GobotProject/keyboard_handler.go:27.42,29.16 2 0
GobotProject/keyboard_handler.go:29.16,31.3 1 0
GobotProject/keyboard_handler.go:33.2,43.12 10 0
GobotProject/keyboard_handler.go:47.35,50.2 2 1
GobotProject/keyboard_handler.go:53.45,54.19 1 0
GobotProject/keyboard_handler.go:54.19,55.45 1 0
GobotProject/keyboard_handler.go:56.25,57.21 1 0
GobotProject/keyboard_handler.go:58.27,59.17 1 0
GobotProject/keyboard_handler.go:65.57,66.16 1 0
GobotProject/keyboard_handler.go:67.22,69.37 1 0
GobotProject/keyboard_handler.go:71.24,73.30 1 0
GobotProject/keyboard_handler.go:75.24,79.13 3 0
GobotProject/keyboard_handler.go:83.2,83.15 1 0
GobotProject/keyboard_handler.go:84.16,86.35 1 0
GobotProject/keyboard_handler.go:88.16,90.36 1 0
GobotProject/keyboard_handler.go:92.16,94.32 1 0
GobotProject/keyboard_handler.go:96.16,98.33 1 0
GobotProject/keyboard_handler.go:100.16,102.29 1 0
GobotProject/keyboard_handler.go:102.29,104.4 1 0
GobotProject/keyboard_handler.go:106.16,110.13 3 0
GobotProject/keyboard_handler.go:112.16,114.32 1 0
GobotProject/keyboard_handler.go:119.45,121.2 1 1
GobotProject/main.go:10.13,21.17 4 0
GobotProject/main.go:21.17,27.17 3 0
GobotProject/main.go:27.17,30.4 2 0
GobotProject/main.go:33.3,38.33 4 0
GobotProject/main.go:42.2,50.16 3 0
GobotProject/main.go:50.16,52.3 1 0
